Build started 2021/04/07 16:25:25.
     1>Project "D:\DAHWorks\MFC\HouseWareManager\HouseWareManager\HouseWareManager.vcxproj" on node 2 (Build target(s)).
     1>ClCompile:
         C:\Program Files (x86)\Microsoft Visual Studio 12.0\VC\bin\CL.exe /c /ZI /nologo /W3 /WX- /sdl /Od /Oy- /D WIN32 /D _WINDOWS /D _DEBUG /D _UNICODE /D UNICODE /D _AFXDLL /Gm /EHsc /RTC1 /MDd /GS /fp:precise /Zc:wchar_t /Zc:forScope /Yc"stdafx.h" /Fp"Debug\HouseWareManager.pch" /Fo"Debug\\" /Fd"Debug\vc120.pdb" /Gd /TP /analyze- /errorReport:prompt stdafx.cpp
         stdafx.cpp
         C:\Program Files (x86)\Microsoft Visual Studio 12.0\VC\bin\CL.exe /c /ZI /nologo /W3 /WX- /sdl /Od /Oy- /D WIN32 /D _WINDOWS /D _DEBUG /D _UNICODE /D UNICODE /D _AFXDLL /Gm /EHsc /RTC1 /MDd /GS /fp:precise /Zc:wchar_t /Zc:forScope /Yu"stdafx.h" /Fp"Debug\HouseWareManager.pch" /Fo"Debug\\" /Fd"Debug\vc120.pdb" /Gd /TP /analyze- /errorReport:prompt HouseWareManager.cpp HouseWareManagerDlg.cpp mainFrame.cpp
         mainFrame.cpp
         HouseWareManagerDlg.cpp
         HouseWareManager.cpp
         Generating Code...
       ResourceCompile:
         C:\Program Files (x86)\Windows Kits\8.1\bin\x86\rc.exe /D _DEBUG /D _UNICODE /D UNICODE /D _AFXDLL /l"0x0409" /IDebug\ /nologo /fo"Debug\HouseWareManager.res" HouseWareManager.rc 
       Link:
         C:\Program Files (x86)\Microsoft Visual Studio 12.0\VC\bin\link.exe /ERRORREPORT:PROMPT /OUT:"D:\DAHWorks\MFC\HouseWareManager\Debug\HouseWareManager.exe" /INCREMENTAL /NOLOGO /MANIFEST /MANIFESTUAC:"level='asInvoker' uiAccess='false'" /manifest:embed /manifestinput:"C:\Program Files (x86)\Microsoft Visual Studio 12.0\VC\Include\Manifest\dpiaware.manifest" /DEBUG /PDB:"D:\DAHWorks\MFC\HouseWareManager\Debug\HouseWareManager.pdb" /SUBSYSTEM:WINDOWS /TLBID:1 /ENTRY:"wWinMainCRTStartup" /DYNAMICBASE /NXCOMPAT /IMPLIB:"D:\DAHWorks\MFC\HouseWareManager\Debug\HouseWareManager.lib" /MACHINE:X86 Debug\HouseWareManager.res
         Debug\HouseWareManager.obj
         Debug\HouseWareManagerDlg.obj
         Debug\mainFrame.obj
         Debug\stdafx.obj
         HouseWareManager.vcxproj -> D:\DAHWorks\MFC\HouseWareManager\Debug\HouseWareManager.exe
     1>Done Building Project "D:\DAHWorks\MFC\HouseWareManager\HouseWareManager\HouseWareManager.vcxproj" (Build target(s)).

Build succeeded.

Time Elapsed 00:00:03.36
